# JRE version: OpenJDK Runtime Environment (7.0_95) (build 1.7.0_95-b00)
# Java VM: OpenJDK 64-Bit Server VM (24.95-b01 mixed mode linux-amd64 compressed oops)
Heap
 PSYoungGen      total 205312K, used 4173K [0x00000000ec000000, 0x00000000f9100000, 0x0000000100000000)
  eden space 196608K, 0% used [0x00000000ec000000,0x00000000ec000000,0x00000000f8000000)
  from space 8704K, 47% used [0x00000000f8000000,0x00000000f8413718,0x00000000f8880000)
  to   space 8704K, 0% used [0x00000000f8880000,0x00000000f8880000,0x00000000f9100000)
 ParOldGen       total 40960K, used 25350K [0x00000000c4000000, 0x00000000c6800000, 0x00000000ec000000)
  object space 40960K, 61% used [0x00000000c4000000,0x00000000c58c1898,0x00000000c6800000)
 PSPermGen       total 21504K, used 17174K [0x00000000b9a00000, 0x00000000baf00000, 0x00000000c4000000)
  object space 21504K, 79% used [0x00000000b9a00000,0x00000000baac5988,0x00000000baf00000)
GC Heap History (10 events):
Event: 5.516 GC heap after
Heap after GC invocations=6 (full 0):
 PSYoungGen      total 70656K, used 3170K [0x00000000ec000000, 0x00000000f0e00000, 0x0000000100000000)
  eden space 61440K, 0% used [0x00000000ec000000,0x00000000ec000000,0x00000000efc00000)
  from space 9216K, 34% used [0x00000000f0500000,0x00000000f08188c8,0x00000000f0e00000)
  to   space 9216K, 0% used [0x00000000efc00000,0x00000000efc00000,0x00000000f0500000)
 ParOldGen       total 40960K, used 15163K [0x00000000c4000000, 0x00000000c6800000, 0x00000000ec000000)
  object space 40960K, 37% used [0x00000000c4000000,0x00000000c4eced88,0x00000000c6800000)
 PSPermGen       total 21504K, used 17065K [0x00000000b9a00000, 0x00000000baf00000, 0x00000000c4000000)
  object space 21504K, 79% used [0x00000000b9a00000,0x00000000baaaa480,0x00000000baf00000)
}
Event: 6.590 GC heap before
{Heap before GC invocations=7 (full 0):
 PSYoungGen      total 70656K, used 64610K [0x00000000ec000000, 0x00000000f0e00000, 0x0000000100000000)
  eden space 61440K, 100% used [0x00000000ec000000,0x00000000efc00000,0x00000000efc00000)
  from space 9216K, 34% used [0x00000000f0500000,0x00000000f08188c8,0x00000000f0e00000)
  to   space 9216K, 0% used [0x00000000efc00000,0x00000000efc00000,0x00000000f0500000)
 ParOldGen       total 40960K, used 15163K [0x00000000c4000000, 0x00000000c6800000, 0x00000000ec000000)
  object space 40960K, 37% used [0x00000000c4000000,0x00000000c4eced88,0x00000000c6800000)
 PSPermGen       total 21504K, used 17086K [0x00000000b9a00000, 0x00000000baf00000, 0x00000000c4000000)
  object space 21504K, 79% used [0x00000000b9a00000,0x00000000baaafbb8,0x00000000baf00000)
Event: 6.603 GC heap after
Heap after GC invocations=7 (full 0):
 PSYoungGen      total 70656K, used 6182K [0x00000000ec000000, 0x00000000f4a00000, 0x0000000100000000)
  eden space 61440K, 0% used [0x00000000ec000000,0x00000000ec000000,0x00000000efc00000)
  from space 9216K, 67% used [0x00000000efc00000,0x00000000f0209a98,0x00000000f0500000)
  to   space 9216K, 0% used [0x00000000f4100000,0x00000000f4100000,0x00000000f4a00000)
 ParOldGen       total 40960K, used 15811K [0x00000000c4000000, 0x00000000c6800000, 0x00000000ec000000)
  object space 40960K, 38% used [0x00000000c4000000,0x00000000c4f70dd8,0x00000000c6800000)
 PSPermGen       total 21504K, used 17086K [0x00000000b9a00000, 0x00000000baf00000, 0x00000000c4000000)
  object space 21504K, 79% used [0x00000000b9a00000,0x00000000baaafbb8,0x00000000baf00000)
}
Event: 7.630 GC heap before
{Heap before GC invocations=8 (full 0):
 PSYoungGen      total 70656K, used 67622K [0x00000000ec000000, 0x00000000f4a00000, 0x0000000100000000)
  eden space 61440K, 100% used [0x00000000ec000000,0x00000000efc00000,0x00000000efc00000)
  from space 9216K, 67% used [0x00000000efc00000,0x00000000f0209a98,0x00000000f0500000)
  to   space 9216K, 0% used [0x00000000f4100000,0x00000000f4100000,0x00000000f4a00000)
 ParOldGen       total 40960K, used 15811K [0x00000000c4000000, 0x00000000c6800000, 0x00000000ec000000)
  object space 40960K, 38% used [0x00000000c4000000,0x00000000c4f70dd8,0x00000000c6800000)
 PSPermGen       total 21504K, used 17127K [0x00000000b9a00000, 0x00000000baf00000, 0x00000000c4000000)
  object space 21504K, 79% used [0x00000000b9a00000,0x00000000baab9fb0,0x00000000baf00000)
Event: 7.640 GC heap after
Heap after GC invocations=8 (full 0):
 PSYoungGen      total 131072K, used 5740K [0x00000000ec000000, 0x00000000f4900000, 0x0000000100000000)
  eden space 122880K, 0% used [0x00000000ec000000,0x00000000ec000000,0x00000000f3800000)
  from space 8192K, 70% used [0x00000000f4100000,0x00000000f469b2b0,0x00000000f4900000)
  to   space 8704K, 0% used [0x00000000f3800000,0x00000000f3800000,0x00000000f4080000)
 ParOldGen       total 40960K, used 16852K [0x00000000c4000000, 0x00000000c6800000, 0x00000000ec000000)
  object space 40960K, 41% used [0x00000000c4000000,0x00000000c5075218,0x00000000c6800000)
 PSPermGen       total 21504K, used 17127K [0x00000000b9a00000, 0x00000000baf00000, 0x00000000c4000000)
  object space 21504K, 79% used [0x00000000b9a00000,0x00000000baab9fb0,0x00000000baf00000)
}
Event: 8.843 GC heap before
{Heap before GC invocations=9 (full 0):
 PSYoungGen      total 131072K, used 128620K [0x00000000ec000000, 0x00000000f4900000, 0x0000000100000000)
  eden space 122880K, 100% used [0x00000000ec000000,0x00000000f3800000,0x00000000f3800000)
  from space 8192K, 70% used [0x00000000f4100000,0x00000000f469b2b0,0x00000000f4900000)
  to   space 8704K, 0% used [0x00000000f3800000,0x00000000f3800000,0x00000000f4080000)
 ParOldGen       total 40960K, used 16852K [0x00000000c4000000, 0x00000000c6800000, 0x00000000ec000000)
  object space 40960K, 41% used [0x00000000c4000000,0x00000000c5075218,0x00000000c6800000)
 PSPermGen       total 21504K, used 17134K [0x00000000b9a00000, 0x00000000baf00000, 0x00000000c4000000)
  object space 21504K, 79% used [0x00000000b9a00000,0x00000000baabbb80,0x00000000baf00000)
Event: 8.852 GC heap after
Heap after GC invocations=9 (full 0):
 PSYoungGen      total 131584K, used 4780K [0x00000000ec000000, 0x00000000f9100000, 0x0000000100000000)
  eden space 122880K, 0% used [0x00000000ec000000,0x00000000ec000000,0x00000000f3800000)
  from space 8704K, 54% used [0x00000000f3800000,0x00000000f3cab290,0x00000000f4080000)
  to   space 8704K, 0% used [0x00000000f8880000,0x00000000f8880000,0x00000000f9100000)
 ParOldGen       total 40960K, used 17822K [0x00000000c4000000, 0x00000000c6800000, 0x00000000ec000000)
  object space 40960K, 43% used [0x00000000c4000000,0x00000000c5167878,0x00000000c6800000)
 PSPermGen       total 21504K, used 17134K [0x00000000b9a00000, 0x00000000baf00000, 0x00000000c4000000)
  object space 21504K, 79% used [0x00000000b9a00000,0x00000000baabbb80,0x00000000baf00000)
}
Event: 10.389 GC heap before
{Heap before GC invocations=10 (full 0):
 PSYoungGen      total 131584K, used 127660K [0x00000000ec000000, 0x00000000f9100000, 0x0000000100000000)
  eden space 122880K, 100% used [0x00000000ec000000,0x00000000f3800000,0x00000000f3800000)
  from space 8704K, 54% used [0x00000000f3800000,0x00000000f3cab290,0x00000000f4080000)
  to   space 8704K, 0% used [0x00000000f8880000,0x00000000f8880000,0x00000000f9100000)
 ParOldGen       total 40960K, used 17822K [0x00000000c4000000, 0x00000000c6800000, 0x00000000ec000000)
  object space 40960K, 43% used [0x00000000c4000000,0x00000000c5167878,0x00000000c6800000)
 PSPermGen       total 21504K, used 17155K [0x00000000b9a00000, 0x00000000baf00000, 0x00000000c4000000)
  object space 21504K, 79% used [0x00000000b9a00000,0x00000000baac0cd8,0x00000000baf00000)
Event: 10.440 GC heap after
Heap after GC invocations=10 (full 0):
 PSYoungGen      total 205312K, used 4416K [0x00000000ec000000, 0x00000000f9100000, 0x0000000100000000)
  eden space 196608K, 0% used [0x00000000ec000000,0x00000000ec000000,0x00000000f8000000)
  from space 8704K, 50% used [0x00000000f8880000,0x00000000f8cd00b0,0x00000000f9100000)
  to   space 8704K, 0% used [0x00000000f8000000,0x00000000f8000000,0x00000000f8880000)
 ParOldGen       total 40960K, used 21846K [0x00000000c4000000, 0x00000000c6800000, 0x00000000ec000000)
  object space 40960K, 53% used [0x00000000c4000000,0x00000000c5555878,0x00000000c6800000)
 PSPermGen       total 21504K, used 17155K [0x00000000b9a00000, 0x00000000baf00000, 0x00000000c4000000)
  object space 21504K, 79% used [0x00000000b9a00000,0x00000000baac0cd8,0x00000000baf00000)
}
Event: 12.529 GC heap before
{Heap before GC invocations=11 (full 0):
 PSYoungGen      total 205312K, used 201024K [0x00000000ec000000, 0x00000000f9100000, 0x0000000100000000)
  eden space 196608K, 100% used [0x00000000ec000000,0x00000000f8000000,0x00000000f8000000)
  from space 8704K, 50% used [0x00000000f8880000,0x00000000f8cd00b0,0x00000000f9100000)
  to   space 8704K, 0% used [0x00000000f8000000,0x00000000f8000000,0x00000000f8880000)
 ParOldGen       total 40960K, used 21846K [0x00000000c4000000, 0x00000000c6800000, 0x00000000ec000000)
  object space 40960K, 53% used [0x00000000c4000000,0x00000000c5555878,0x00000000c6800000)
 PSPermGen       total 21504K, used 17174K [0x00000000b9a00000, 0x00000000baf00000, 0x00000000c4000000)
  object space 21504K, 79% used [0x00000000b9a00000,0x00000000baac5988,0x00000000baf00000)

