# JRE version: OpenJDK Runtime Environment (7.0_95) (build 1.7.0_95-b00)
# Java VM: OpenJDK 64-Bit Server VM (24.95-b01 mixed mode linux-amd64 compressed oops)
Heap
 PSYoungGen      total 187392K, used 224K [0x00000000ec000000, 0x00000000f8580000, 0x0000000100000000)
  eden space 184832K, 0% used [0x00000000ec000000,0x00000000ec000000,0x00000000f7480000)
  from space 2560K, 8% used [0x00000000f8300000,0x00000000f8338000,0x00000000f8580000)
  to   space 6144K, 0% used [0x00000000f7d00000,0x00000000f7d00000,0x00000000f8300000)
 ParOldGen       total 40960K, used 32488K [0x00000000c4000000, 0x00000000c6800000, 0x00000000ec000000)
  object space 40960K, 79% used [0x00000000c4000000,0x00000000c5fba3e0,0x00000000c6800000)
 PSPermGen       total 21504K, used 17200K [0x00000000b9a00000, 0x00000000baf00000, 0x00000000c4000000)
  object space 21504K, 79% used [0x00000000b9a00000,0x00000000baacc320,0x00000000baf00000)
GC Heap History (10 events):
Event: 13.497 GC heap after
Heap after GC invocations=13 (full 0):
 PSYoungGen      total 82944K, used 224K [0x00000000ec000000, 0x00000000f4600000, 0x0000000100000000)
  eden space 75264K, 0% used [0x00000000ec000000,0x00000000ec000000,0x00000000f0980000)
  from space 7680K, 2% used [0x00000000f0980000,0x00000000f09b8000,0x00000000f1100000)
  to   space 8192K, 0% used [0x00000000f3e00000,0x00000000f3e00000,0x00000000f4600000)
 ParOldGen       total 40960K, used 22075K [0x00000000c4000000, 0x00000000c6800000, 0x00000000ec000000)
  object space 40960K, 53% used [0x00000000c4000000,0x00000000c558ee60,0x00000000c6800000)
 PSPermGen       total 21504K, used 17131K [0x00000000b9a00000, 0x00000000baf00000, 0x00000000c4000000)
  object space 21504K, 79% used [0x00000000b9a00000,0x00000000baabacb0,0x00000000baf00000)
}
Event: 14.238 GC heap before
{Heap before GC invocations=14 (full 0):
 PSYoungGen      total 82944K, used 75488K [0x00000000ec000000, 0x00000000f4600000, 0x0000000100000000)
  eden space 75264K, 100% used [0x00000000ec000000,0x00000000f0980000,0x00000000f0980000)
  from space 7680K, 2% used [0x00000000f0980000,0x00000000f09b8000,0x00000000f1100000)
  to   space 8192K, 0% used [0x00000000f3e00000,0x00000000f3e00000,0x00000000f4600000)
 ParOldGen       total 40960K, used 22075K [0x00000000c4000000, 0x00000000c6800000, 0x00000000ec000000)
  object space 40960K, 53% used [0x00000000c4000000,0x00000000c558ee60,0x00000000c6800000)
 PSPermGen       total 21504K, used 17131K [0x00000000b9a00000, 0x00000000baf00000, 0x00000000c4000000)
  object space 21504K, 79% used [0x00000000b9a00000,0x00000000baabad58,0x00000000baf00000)
Event: 14.245 GC heap after
Heap after GC invocations=14 (full 0):
 PSYoungGen      total 129024K, used 1263K [0x00000000ec000000, 0x00000000f4600000, 0x0000000100000000)
  eden space 120832K, 0% used [0x00000000ec000000,0x00000000ec000000,0x00000000f3600000)
  from space 8192K, 15% used [0x00000000f3e00000,0x00000000f3f3bf70,0x00000000f4600000)
  to   space 8192K, 0% used [0x00000000f3600000,0x00000000f3600000,0x00000000f3e00000)
 ParOldGen       total 40960K, used 22099K [0x00000000c4000000, 0x00000000c6800000, 0x00000000ec000000)
  object space 40960K, 53% used [0x00000000c4000000,0x00000000c5594e60,0x00000000c6800000)
 PSPermGen       total 21504K, used 17131K [0x00000000b9a00000, 0x00000000baf00000, 0x00000000c4000000)
  object space 21504K, 79% used [0x00000000b9a00000,0x00000000baabad58,0x00000000baf00000)
}
Event: 15.702 GC heap before
{Heap before GC invocations=15 (full 0):
 PSYoungGen      total 129024K, used 122095K [0x00000000ec000000, 0x00000000f4600000, 0x0000000100000000)
  eden space 120832K, 100% used [0x00000000ec000000,0x00000000f3600000,0x00000000f3600000)
  from space 8192K, 15% used [0x00000000f3e00000,0x00000000f3f3bf70,0x00000000f4600000)
  to   space 8192K, 0% used [0x00000000f3600000,0x00000000f3600000,0x00000000f3e00000)
 ParOldGen       total 40960K, used 22099K [0x00000000c4000000, 0x00000000c6800000, 0x00000000ec000000)
  object space 40960K, 53% used [0x00000000c4000000,0x00000000c5594e60,0x00000000c6800000)
 PSPermGen       total 21504K, used 17149K [0x00000000b9a00000, 0x00000000baf00000, 0x00000000c4000000)
  object space 21504K, 79% used [0x00000000b9a00000,0x00000000baabf740,0x00000000baf00000)
Event: 15.716 GC heap after
Heap after GC invocations=15 (full 0):
 PSYoungGen      total 129024K, used 4193K [0x00000000ec000000, 0x00000000f8c00000, 0x0000000100000000)
  eden space 120832K, 0% used [0x00000000ec000000,0x00000000ec000000,0x00000000f3600000)
  from space 8192K, 51% used [0x00000000f3600000,0x00000000f3a186b0,0x00000000f3e00000)
  to   space 7680K, 0% used [0x00000000f8480000,0x00000000f8480000,0x00000000f8c00000)
 ParOldGen       total 40960K, used 22459K [0x00000000c4000000, 0x00000000c6800000, 0x00000000ec000000)
  object space 40960K, 54% used [0x00000000c4000000,0x00000000c55eee60,0x00000000c6800000)
 PSPermGen       total 21504K, used 17149K [0x00000000b9a00000, 0x00000000baf00000, 0x00000000c4000000)
  object space 21504K, 79% used [0x00000000b9a00000,0x00000000baabf740,0x00000000baf00000)
}
Event: 16.700 GC heap before
{Heap before GC invocations=16 (full 0):
 PSYoungGen      total 129024K, used 125025K [0x00000000ec000000, 0x00000000f8c00000, 0x0000000100000000)
  eden space 120832K, 100% used [0x00000000ec000000,0x00000000f3600000,0x00000000f3600000)
  from space 8192K, 51% used [0x00000000f3600000,0x00000000f3a186b0,0x00000000f3e00000)
  to   space 7680K, 0% used [0x00000000f8480000,0x00000000f8480000,0x00000000f8c00000)
 ParOldGen       total 40960K, used 22459K [0x00000000c4000000, 0x00000000c6800000, 0x00000000ec000000)
  object space 40960K, 54% used [0x00000000c4000000,0x00000000c55eee60,0x00000000c6800000)
 PSPermGen       total 21504K, used 17151K [0x00000000b9a00000, 0x00000000baf00000, 0x00000000c4000000)
  object space 21504K, 79% used [0x00000000b9a00000,0x00000000baabfcf0,0x00000000baf00000)
Event: 16.708 GC heap after
Heap after GC invocations=16 (full 0):
 PSYoungGen      total 201216K, used 1088K [0x00000000ec000000, 0x00000000f8c00000, 0x0000000100000000)
  eden space 193536K, 0% used [0x00000000ec000000,0x00000000ec000000,0x00000000f7d00000)
  from space 7680K, 14% used [0x00000000f8480000,0x00000000f8590000,0x00000000f8c00000)
  to   space 7680K, 0% used [0x00000000f7d00000,0x00000000f7d00000,0x00000000f8480000)
 ParOldGen       total 40960K, used 26405K [0x00000000c4000000, 0x00000000c6800000, 0x00000000ec000000)
  object space 40960K, 64% used [0x00000000c4000000,0x00000000c59c9510,0x00000000c6800000)
 PSPermGen       total 21504K, used 17151K [0x00000000b9a00000, 0x00000000baf00000, 0x00000000c4000000)
  object space 21504K, 79% used [0x00000000b9a00000,0x00000000baabfcf0,0x00000000baf00000)
}
Event: 18.997 GC heap before
{Heap before GC invocations=17 (full 0):
 PSYoungGen      total 201216K, used 194624K [0x00000000ec000000, 0x00000000f8c00000, 0x0000000100000000)
  eden space 193536K, 100% used [0x00000000ec000000,0x00000000f7d00000,0x00000000f7d00000)
  from space 7680K, 14% used [0x00000000f8480000,0x00000000f8590000,0x00000000f8c00000)
  to   space 7680K, 0% used [0x00000000f7d00000,0x00000000f7d00000,0x00000000f8480000)
 ParOldGen       total 40960K, used 26405K [0x00000000c4000000, 0x00000000c6800000, 0x00000000ec000000)
  object space 40960K, 64% used [0x00000000c4000000,0x00000000c59c9510,0x00000000c6800000)
 PSPermGen       total 21504K, used 17196K [0x00000000b9a00000, 0x00000000baf00000, 0x00000000c4000000)
  object space 21504K, 79% used [0x00000000b9a00000,0x00000000baacb1a8,0x00000000baf00000)
Event: 19.021 GC heap after
Heap after GC invocations=17 (full 0):
 PSYoungGen      total 190976K, used 6083K [0x00000000ec000000, 0x00000000f8580000, 0x0000000100000000)
  eden space 184832K, 0% used [0x00000000ec000000,0x00000000ec000000,0x00000000f7480000)
  from space 6144K, 99% used [0x00000000f7d00000,0x00000000f82f0ed0,0x00000000f8300000)
  to   space 2560K, 0% used [0x00000000f8300000,0x00000000f8300000,0x00000000f8580000)
 ParOldGen       total 40960K, used 26621K [0x00000000c4000000, 0x00000000c6800000, 0x00000000ec000000)
  object space 40960K, 64% used [0x00000000c4000000,0x00000000c59ff510,0x00000000c6800000)
 PSPermGen       total 21504K, used 17196K [0x00000000b9a00000, 0x00000000baf00000, 0x00000000c4000000)
  object space 21504K, 79% used [0x00000000b9a00000,0x00000000baacb1a8,0x00000000baf00000)
}
Event: 21.623 GC heap before
{Heap before GC invocations=18 (full 0):
 PSYoungGen      total 190976K, used 190915K [0x00000000ec000000, 0x00000000f8580000, 0x0000000100000000)
  eden space 184832K, 100% used [0x00000000ec000000,0x00000000f7480000,0x00000000f7480000)
  from space 6144K, 99% used [0x00000000f7d00000,0x00000000f82f0ed0,0x00000000f8300000)
  to   space 2560K, 0% used [0x00000000f8300000,0x00000000f8300000,0x00000000f8580000)
 ParOldGen       total 40960K, used 26621K [0x00000000c4000000, 0x00000000c6800000, 0x00000000ec000000)
  object space 40960K, 64% used [0x00000000c4000000,0x00000000c59ff510,0x00000000c6800000)
 PSPermGen       total 21504K, used 17200K [0x00000000b9a00000, 0x00000000baf00000, 0x00000000c4000000)
  object space 21504K, 79% used [0x00000000b9a00000,0x00000000baacc320,0x00000000baf00000)

